<?xml version="1.0" encoding="UTF-8"?>
<!-- Generated by org.testng.reporters.JUnitReportReporter -->
<testsuite hostname="DELL-PC" name="com.Script.Library.CreateNewResourceTest" tests="1" failures="0" timestamp="29 Jun 2020 18:47:23 GMT" time="4.605" errors="0">
  <testcase name="checkCreateNewResource" time="4.605" classname="com.Script.Library.CreateNewResourceTest"/>
</testsuite> <!-- com.Script.Library.CreateNewResourceTest -->
