<?xml version="1.0" encoding="UTF-8"?>
<!-- Generated by org.testng.reporters.JUnitReportReporter -->
<testsuite hostname="DELL-PC" name="com.Script.Library.FetchAllPostsTest" tests="1" failures="0" timestamp="29 Jun 2020 18:45:41 GMT" time="3.705" errors="0">
  <testcase name="checkAllPosts" time="3.705" classname="com.Script.Library.FetchAllPostsTest"/>
</testsuite> <!-- com.Script.Library.FetchAllPostsTest -->
